2022-05-19 16:02:03.039  INFO [,,] 14788 --- [restartedMain] c.c.PensionManagementPortalApplication   : Starting PensionManagementPortalApplication using Java 11.0.14 on LAPTOP-IDG27ARQ with PID 14788 (C:\Users\kavya\OneDrive\Desktop\PensionManagementSystem-master\Pension-Management-portal\target\classes started by kavya in C:\Users\kavya\OneDrive\Desktop\PensionManagementSystem-master\Pension-Management-portal)
2022-05-19 16:02:03.055  INFO [,,] 14788 --- [restartedMain] c.c.PensionManagementPortalApplication   : No active profile set, falling back to default profiles: default
2022-05-19 16:02:03.189  INFO [,,] 14788 --- [restartedMain] .e.DevToolsPropertyDefaultsPostProcessor : Devtools property defaults active! Set 'spring.devtools.add-properties' to 'false' to disable
2022-05-19 16:02:03.190  INFO [,,] 14788 --- [restartedMain] .e.DevToolsPropertyDefaultsPostProcessor : For additional web related logging consider setting the 'logging.level.web' property to 'DEBUG'
2022-05-19 16:02:05.017  INFO [,,] 14788 --- [restartedMain] .s.d.r.c.RepositoryConfigurationDelegate : Bootstrapping Spring Data JPA repositories in DEFAULT mode.
2022-05-19 16:02:05.065  INFO [,,] 14788 --- [restartedMain] .s.d.r.c.RepositoryConfigurationDelegate : Finished Spring Data repository scanning in 24 ms. Found 0 JPA repository interfaces.
2022-05-19 16:02:06.393  INFO [,,] 14788 --- [restartedMain] o.s.cloud.context.scope.GenericScope     : BeanFactory id=b6efebc2-bb64-3a73-b714-eba9624e96b9
2022-05-19 16:02:09.508  INFO [,,] 14788 --- [restartedMain] o.s.b.w.embedded.tomcat.TomcatWebServer  : Tomcat initialized with port(s): 9085 (http)
2022-05-19 16:02:09.542  INFO [,,] 14788 --- [restartedMain] o.apache.catalina.core.StandardService   : Starting service [Tomcat]
2022-05-19 16:02:09.543  INFO [,,] 14788 --- [restartedMain] org.apache.catalina.core.StandardEngine  : Starting Servlet engine: [Apache Tomcat/9.0.50]
2022-05-19 16:02:09.983  INFO [,,] 14788 --- [restartedMain] o.a.c.c.C.[Tomcat].[localhost].[/]       : Initializing Spring embedded WebApplicationContext
2022-05-19 16:02:09.984  INFO [,,] 14788 --- [restartedMain] w.s.c.ServletWebServerApplicationContext : Root WebApplicationContext: initialization completed in 6792 ms
2022-05-19 16:02:10.142  INFO [,,] 14788 --- [restartedMain] com.zaxxer.hikari.HikariDataSource       : HikariPool-1 - Starting...
2022-05-19 16:02:10.670  INFO [,,] 14788 --- [restartedMain] com.zaxxer.hikari.HikariDataSource       : HikariPool-1 - Start completed.
2022-05-19 16:02:10.686  INFO [,,] 14788 --- [restartedMain] o.s.b.a.h2.H2ConsoleAutoConfiguration    : H2 console available at '/h2-console'. Database available at 'jdbc:h2:mem:4d7837bd-bb48-48ce-9f0d-e4c2e632bc4f'
2022-05-19 16:02:12.095  INFO [,,] 14788 --- [restartedMain] o.hibernate.jpa.internal.util.LogHelper  : HHH000204: Processing PersistenceUnitInfo [name: default]
2022-05-19 16:02:12.242  INFO [,,] 14788 --- [restartedMain] org.hibernate.Version                    : HHH000412: Hibernate ORM core version 5.4.32.Final
2022-05-19 16:02:12.504  INFO [,,] 14788 --- [restartedMain] o.hibernate.annotations.common.Version   : HCANN000001: Hibernate Commons Annotations {5.1.2.Final}
2022-05-19 16:02:12.817  INFO [,,] 14788 --- [restartedMain] org.hibernate.dialect.Dialect            : HHH000400: Using dialect: org.hibernate.dialect.H2Dialect
2022-05-19 16:02:13.393  INFO [,,] 14788 --- [restartedMain] o.h.e.t.j.p.i.JtaPlatformInitiator       : HHH000490: Using JtaPlatform implementation: [org.hibernate.engine.transaction.jta.platform.internal.NoJtaPlatform]
2022-05-19 16:02:13.411  INFO [,,] 14788 --- [restartedMain] j.LocalContainerEntityManagerFactoryBean : Initialized JPA EntityManagerFactory for persistence unit 'default'
2022-05-19 16:02:13.508  WARN [,,] 14788 --- [restartedMain] o.s.b.d.a.OptionalLiveReloadServer       : Unable to start LiveReload server
2022-05-19 16:02:13.960  WARN [,,] 14788 --- [restartedMain] JpaBaseConfiguration$JpaWebConfiguration : spring.jpa.open-in-view is enabled by default. Therefore, database queries may be performed during view rendering. Explicitly configure spring.jpa.open-in-view to disable this warning
2022-05-19 16:02:18.263  INFO [,,] 14788 --- [restartedMain] o.s.cloud.commons.util.InetUtils         : Cannot determine local hostname
2022-05-19 16:02:18.554  INFO [,,] 14788 --- [restartedMain] o.s.b.w.embedded.tomcat.TomcatWebServer  : Tomcat started on port(s): 9085 (http) with context path ''
2022-05-19 16:02:20.060  INFO [,,] 14788 --- [restartedMain] o.s.cloud.commons.util.InetUtils         : Cannot determine local hostname
2022-05-19 16:02:20.062  INFO [,,] 14788 --- [restartedMain] d.s.w.p.DocumentationPluginsBootstrapper : Context refreshed
2022-05-19 16:02:20.961  INFO [,,] 14788 --- [restartedMain] d.s.w.p.DocumentationPluginsBootstrapper : Found 1 custom documentation plugin(s)
2022-05-19 16:02:20.999  INFO [,,] 14788 --- [restartedMain] s.d.s.w.s.ApiListingReferenceScanner     : Scanning for api listing references
2022-05-19 16:02:22.305  INFO [,,] 14788 --- [restartedMain] c.c.PensionManagementPortalApplication   : Started PensionManagementPortalApplication in 21.247 seconds (JVM running for 22.035)
2022-05-19 16:03:33.477  INFO [,,] 14788 --- [http-nio-9085-exec-1] o.a.c.c.C.[Tomcat].[localhost].[/]       : Initializing Spring DispatcherServlet 'dispatcherServlet'
2022-05-19 16:03:33.478  INFO [,,] 14788 --- [http-nio-9085-exec-1] o.s.web.servlet.DispatcherServlet        : Initializing Servlet 'dispatcherServlet'
2022-05-19 16:03:33.480  INFO [,,] 14788 --- [http-nio-9085-exec-1] o.s.web.servlet.DispatcherServlet        : Completed initialization in 2 ms
2022-05-19 16:03:33.683  INFO [,dd38bf26e0ea5501,dd38bf26e0ea5501] 14788 --- [http-nio-9085-exec-2] c.c.controller.PensionController         : STARTED - doLogin
2022-05-19 16:03:34.883  INFO [,dd38bf26e0ea5501,dd38bf26e0ea5501] 14788 --- [http-nio-9085-exec-2] c.c.controller.PensionController         : END - doLogin
2022-05-19 16:03:35.631  INFO [,754835c90e8f2457,754835c90e8f2457] 14788 --- [http-nio-9085-exec-4] c.c.controller.PensionController         : STARTED - allDetail
2022-05-19 16:03:36.283  INFO [,754835c90e8f2457,754835c90e8f2457] 14788 --- [http-nio-9085-exec-4] c.c.controller.PensionController         : END - allDetail
2022-05-19 16:03:43.477  INFO [,1fb66dcfe9fa8624,1fb66dcfe9fa8624] 14788 --- [http-nio-9085-exec-6] c.c.controller.PensionController         : STARTED - allDetail
2022-05-19 16:03:43.512  INFO [,1fb66dcfe9fa8624,1fb66dcfe9fa8624] 14788 --- [http-nio-9085-exec-6] c.c.controller.PensionController         : END - allDetail
2022-05-19 16:07:51.803  INFO [,97544253129f542d,97544253129f542d] 14788 --- [http-nio-9085-exec-8] c.c.controller.PensionController         : STARTED - allDetail
2022-05-19 16:07:51.838  INFO [,97544253129f542d,97544253129f542d] 14788 --- [http-nio-9085-exec-8] c.c.controller.PensionController         : END - allDetail
2022-05-19 16:11:52.117  INFO [,290ef5fe0f093658,290ef5fe0f093658] 14788 --- [http-nio-9085-exec-10] c.c.controller.PensionController         : STARTED - allDetail
2022-05-19 16:11:52.142  INFO [,290ef5fe0f093658,290ef5fe0f093658] 14788 --- [http-nio-9085-exec-10] c.c.controller.PensionController         : END - allDetail
2022-05-19 16:11:56.530  INFO [,076e25a70c0a1762,076e25a70c0a1762] 14788 --- [http-nio-9085-exec-1] c.c.controller.PensionController         : STARTED - allDetail
2022-05-19 16:11:56.558  INFO [,076e25a70c0a1762,076e25a70c0a1762] 14788 --- [http-nio-9085-exec-1] c.c.controller.PensionController         : END - allDetail
2022-05-19 16:12:01.683  INFO [,e1742d2a2c74ad77,e1742d2a2c74ad77] 14788 --- [http-nio-9085-exec-3] c.c.controller.PensionController         : STARTED - allDetail
2022-05-19 16:12:01.705  INFO [,e1742d2a2c74ad77,e1742d2a2c74ad77] 14788 --- [http-nio-9085-exec-3] c.c.controller.PensionController         : END - allDetail
2022-05-19 16:12:20.099  INFO [,bdd25ec8fc8c8a93,bdd25ec8fc8c8a93] 14788 --- [http-nio-9085-exec-4] c.c.controller.PensionController         : STARTED - allDetail
2022-05-19 16:12:20.130  INFO [,bdd25ec8fc8c8a93,bdd25ec8fc8c8a93] 14788 --- [http-nio-9085-exec-4] c.c.controller.PensionController         : END - allDetail
2022-05-19 16:12:40.814  INFO [,840c96bb53a9383e,840c96bb53a9383e] 14788 --- [http-nio-9085-exec-6] c.c.controller.PensionController         : STARTED - allDetail
2022-05-19 16:12:40.844  INFO [,840c96bb53a9383e,840c96bb53a9383e] 14788 --- [http-nio-9085-exec-6] c.c.controller.PensionController         : END - allDetail
2022-05-19 16:12:52.090  INFO [,ac0394c0ad2fc642,ac0394c0ad2fc642] 14788 --- [http-nio-9085-exec-8] c.c.controller.PensionController         : STARTED - allDetail
2022-05-19 16:12:52.136  INFO [,ac0394c0ad2fc642,ac0394c0ad2fc642] 14788 --- [http-nio-9085-exec-8] c.c.controller.PensionController         : END - allDetail
2022-05-19 16:13:03.882  INFO [,72822f3da7301c49,72822f3da7301c49] 14788 --- [http-nio-9085-exec-10] c.c.controller.PensionController         : STARTED - allDetail
2022-05-19 16:13:03.920  INFO [,72822f3da7301c49,72822f3da7301c49] 14788 --- [http-nio-9085-exec-10] c.c.controller.PensionController         : END - allDetail
2022-05-19 16:16:21.828  INFO [,091f3327e6089c9e,091f3327e6089c9e] 14788 --- [http-nio-9085-exec-2] c.c.controller.PensionController         : STARTED - allDetail
2022-05-19 16:16:21.861  INFO [,091f3327e6089c9e,091f3327e6089c9e] 14788 --- [http-nio-9085-exec-2] c.c.controller.PensionController         : END - allDetail
2022-05-19 16:16:45.886  INFO [,c4021abce52dd510,c4021abce52dd510] 14788 --- [http-nio-9085-exec-4] c.c.controller.PensionController         : STARTED - allDetail
2022-05-19 16:16:45.941  INFO [,c4021abce52dd510,c4021abce52dd510] 14788 --- [http-nio-9085-exec-4] c.c.controller.PensionController         : END - allDetail
2022-05-19 16:23:57.379  INFO [,e84a6dd090976a55,e84a6dd090976a55] 14788 --- [http-nio-9085-exec-6] c.c.controller.PensionController         : STARTED - allDetail
2022-05-19 16:23:57.436  INFO [,e84a6dd090976a55,e84a6dd090976a55] 14788 --- [http-nio-9085-exec-6] c.c.controller.PensionController         : END - allDetail
2022-05-19 16:24:46.599  INFO [,e49826a3225b47b6,e49826a3225b47b6] 14788 --- [http-nio-9085-exec-7] c.c.controller.PensionController         : STARTED - allDetail
2022-05-19 16:24:46.631  INFO [,e49826a3225b47b6,e49826a3225b47b6] 14788 --- [http-nio-9085-exec-7] c.c.controller.PensionController         : END - allDetail
2022-05-19 16:24:51.399  INFO [,537675a92f172066,537675a92f172066] 14788 --- [http-nio-9085-exec-8] c.c.controller.PensionController         : STARTED - allDetail
2022-05-19 16:24:51.434  INFO [,537675a92f172066,537675a92f172066] 14788 --- [http-nio-9085-exec-8] c.c.controller.PensionController         : END - allDetail
2022-05-19 16:25:02.709  INFO [,5bfda9b72aa741f1,5bfda9b72aa741f1] 14788 --- [http-nio-9085-exec-9] c.c.controller.PensionController         : STARTED - allDetail
2022-05-19 16:25:02.792  INFO [,5bfda9b72aa741f1,5bfda9b72aa741f1] 14788 --- [http-nio-9085-exec-9] c.c.controller.PensionController         : END - allDetail
2022-05-19 16:25:17.969  INFO [,19c5ec4c73cb43e8,19c5ec4c73cb43e8] 14788 --- [http-nio-9085-exec-10] c.c.controller.PensionController         : STARTED - allDetail
2022-05-19 16:25:18.002  INFO [,19c5ec4c73cb43e8,19c5ec4c73cb43e8] 14788 --- [http-nio-9085-exec-10] c.c.controller.PensionController         : END - allDetail
2022-05-19 16:39:29.708  INFO [,01a653e9b66d9481,01a653e9b66d9481] 14788 --- [http-nio-9085-exec-3] c.c.controller.PensionController         : STARTED - allDetail
2022-05-19 16:39:29.827  INFO [,01a653e9b66d9481,01a653e9b66d9481] 14788 --- [http-nio-9085-exec-3] c.c.controller.PensionController         : END - allDetail
2022-05-19 16:39:35.058  INFO [,7fd06140648ebee8,7fd06140648ebee8] 14788 --- [http-nio-9085-exec-4] c.c.controller.PensionController         : STARTED - allDetail
2022-05-19 16:39:35.087  INFO [,7fd06140648ebee8,7fd06140648ebee8] 14788 --- [http-nio-9085-exec-4] c.c.controller.PensionController         : END - allDetail
2022-05-19 16:39:38.222  INFO [,461cdee791528120,461cdee791528120] 14788 --- [http-nio-9085-exec-5] c.c.controller.PensionController         : STARTED - allDetail
2022-05-19 16:39:38.252  INFO [,461cdee791528120,461cdee791528120] 14788 --- [http-nio-9085-exec-5] c.c.controller.PensionController         : END - allDetail
2022-05-19 16:41:42.182  INFO [,643e75230782826d,643e75230782826d] 14788 --- [http-nio-9085-exec-8] c.c.controller.PensionController         : STARTED - getPensionDetail
2022-05-19 16:41:44.913  INFO [,643e75230782826d,643e75230782826d] 14788 --- [http-nio-9085-exec-8] c.c.controller.PensionController         : END - getPensionDetail
2022-05-19 16:43:57.353  INFO [,5e8a8019ee6980bf,5e8a8019ee6980bf] 14788 --- [http-nio-9085-exec-1] c.c.controller.PensionController         : STARTED - getStatusCode
2022-05-19 16:43:57.383  INFO [,5e8a8019ee6980bf,5e8a8019ee6980bf] 14788 --- [http-nio-9085-exec-1] c.c.controller.PensionController         : END - getStatusCode
2022-05-19 16:44:13.130  INFO [,dc9a45873fed7e93,dc9a45873fed7e93] 14788 --- [http-nio-9085-exec-3] c.c.controller.PensionController         : STARTED - getStatusCode
2022-05-19 16:44:13.159  INFO [,dc9a45873fed7e93,dc9a45873fed7e93] 14788 --- [http-nio-9085-exec-3] c.c.controller.PensionController         : END - getStatusCode
2022-05-19 16:44:48.531  INFO [,68eb0299432ae6a3,68eb0299432ae6a3] 14788 --- [http-nio-9085-exec-5] c.c.controller.PensionController         : STARTED - getStatusCode
2022-05-19 16:44:48.554  INFO [,68eb0299432ae6a3,68eb0299432ae6a3] 14788 --- [http-nio-9085-exec-5] c.c.controller.PensionController         : END - getStatusCode
2022-05-19 16:46:30.735  INFO [,645400ce2f8f25e1,645400ce2f8f25e1] 14788 --- [http-nio-9085-exec-7] c.c.controller.PensionController         : STARTED - getPensionDetail
2022-05-19 16:46:30.809  INFO [,645400ce2f8f25e1,645400ce2f8f25e1] 14788 --- [http-nio-9085-exec-7] c.c.controller.PensionController         : END - getPensionDetail
2022-05-19 16:47:01.376  INFO [,5f6df04e9781710a,5f6df04e9781710a] 14788 --- [http-nio-9085-exec-9] c.c.controller.PensionController         : STARTED - getStatusCode
2022-05-19 16:47:01.403  INFO [,5f6df04e9781710a,5f6df04e9781710a] 14788 --- [http-nio-9085-exec-9] c.c.controller.PensionController         : END - getStatusCode
2022-05-19 16:47:08.311  INFO [,582c71a132fbd95d,582c71a132fbd95d] 14788 --- [http-nio-9085-exec-1] c.c.controller.PensionController         : STARTED - allDetail
2022-05-19 16:47:08.346  INFO [,582c71a132fbd95d,582c71a132fbd95d] 14788 --- [http-nio-9085-exec-1] c.c.controller.PensionController         : END - allDetail
2022-05-19 16:53:39.497  INFO [,e528c0aa61201bc2,e528c0aa61201bc2] 14788 --- [http-nio-9085-exec-4] c.c.controller.PensionController         : STARTED - doLogin
2022-05-19 16:53:39.556  INFO [,e528c0aa61201bc2,e528c0aa61201bc2] 14788 --- [http-nio-9085-exec-4] c.c.controller.PensionController         : END - doLogin
2022-05-19 16:53:40.017  INFO [,a10b97c30a8ed869,a10b97c30a8ed869] 14788 --- [http-nio-9085-exec-5] c.c.controller.PensionController         : STARTED - allDetail
2022-05-19 16:53:40.046  INFO [,a10b97c30a8ed869,a10b97c30a8ed869] 14788 --- [http-nio-9085-exec-5] c.c.controller.PensionController         : END - allDetail
