2022-05-19 16:02:38.598  INFO [ProcessPensionService,,] 12624 --- [restartedMain] .c.ProcessPensionMicroserviceApplication : Starting ProcessPensionMicroserviceApplication using Java 11.0.14 on LAPTOP-IDG27ARQ with PID 12624 (C:\Users\kavya\OneDrive\Desktop\PensionManagementSystem-master\process-pension-microservice\target\classes started by kavya in C:\Users\kavya\OneDrive\Desktop\PensionManagementSystem-master\process-pension-microservice)
2022-05-19 16:02:38.676  INFO [ProcessPensionService,,] 12624 --- [restartedMain] .c.ProcessPensionMicroserviceApplication : No active profile set, falling back to default profiles: default
2022-05-19 16:02:38.883  INFO [ProcessPensionService,,] 12624 --- [restartedMain] .e.DevToolsPropertyDefaultsPostProcessor : Devtools property defaults active! Set 'spring.devtools.add-properties' to 'false' to disable
2022-05-19 16:02:38.883  INFO [ProcessPensionService,,] 12624 --- [restartedMain] .e.DevToolsPropertyDefaultsPostProcessor : For additional web related logging consider setting the 'logging.level.web' property to 'DEBUG'
2022-05-19 16:02:41.581  INFO [ProcessPensionService,,] 12624 --- [restartedMain] .s.d.r.c.RepositoryConfigurationDelegate : Bootstrapping Spring Data JPA repositories in DEFAULT mode.
2022-05-19 16:02:41.688  INFO [ProcessPensionService,,] 12624 --- [restartedMain] .s.d.r.c.RepositoryConfigurationDelegate : Finished Spring Data repository scanning in 91 ms. Found 1 JPA repository interfaces.
2022-05-19 16:02:42.474  INFO [ProcessPensionService,,] 12624 --- [restartedMain] o.s.cloud.context.scope.GenericScope     : BeanFactory id=aedbabc9-619a-3221-8f27-00d06022321f
2022-05-19 16:02:45.421  INFO [ProcessPensionService,,] 12624 --- [restartedMain] o.s.b.w.embedded.tomcat.TomcatWebServer  : Tomcat initialized with port(s): 9084 (http)
2022-05-19 16:02:45.461  INFO [ProcessPensionService,,] 12624 --- [restartedMain] o.apache.catalina.core.StandardService   : Starting service [Tomcat]
2022-05-19 16:02:45.462  INFO [ProcessPensionService,,] 12624 --- [restartedMain] org.apache.catalina.core.StandardEngine  : Starting Servlet engine: [Apache Tomcat/9.0.50]
2022-05-19 16:02:45.776  INFO [ProcessPensionService,,] 12624 --- [restartedMain] o.a.c.c.C.[Tomcat].[localhost].[/]       : Initializing Spring embedded WebApplicationContext
2022-05-19 16:02:45.777  INFO [ProcessPensionService,,] 12624 --- [restartedMain] w.s.c.ServletWebServerApplicationContext : Root WebApplicationContext: initialization completed in 6892 ms
2022-05-19 16:02:45.940  INFO [ProcessPensionService,,] 12624 --- [restartedMain] com.zaxxer.hikari.HikariDataSource       : HikariPool-1 - Starting...
2022-05-19 16:02:46.330  INFO [ProcessPensionService,,] 12624 --- [restartedMain] com.zaxxer.hikari.HikariDataSource       : HikariPool-1 - Start completed.
2022-05-19 16:02:46.342  INFO [ProcessPensionService,,] 12624 --- [restartedMain] o.s.b.a.h2.H2ConsoleAutoConfiguration    : H2 console available at '/h2-console'. Database available at 'jdbc:h2:mem:testDB'
2022-05-19 16:02:47.306  INFO [ProcessPensionService,,] 12624 --- [restartedMain] o.hibernate.jpa.internal.util.LogHelper  : HHH000204: Processing PersistenceUnitInfo [name: default]
2022-05-19 16:02:47.448  INFO [ProcessPensionService,,] 12624 --- [restartedMain] org.hibernate.Version                    : HHH000412: Hibernate ORM core version 5.4.32.Final
2022-05-19 16:02:47.873  INFO [ProcessPensionService,,] 12624 --- [restartedMain] o.hibernate.annotations.common.Version   : HCANN000001: Hibernate Commons Annotations {5.1.2.Final}
2022-05-19 16:02:48.246  INFO [ProcessPensionService,,] 12624 --- [restartedMain] org.hibernate.dialect.Dialect            : HHH000400: Using dialect: org.hibernate.dialect.H2Dialect
2022-05-19 16:02:49.970  INFO [ProcessPensionService,,] 12624 --- [restartedMain] o.h.e.t.j.p.i.JtaPlatformInitiator       : HHH000490: Using JtaPlatform implementation: [org.hibernate.engine.transaction.jta.platform.internal.NoJtaPlatform]
2022-05-19 16:02:49.984  INFO [ProcessPensionService,,] 12624 --- [restartedMain] j.LocalContainerEntityManagerFactoryBean : Initialized JPA EntityManagerFactory for persistence unit 'default'
2022-05-19 16:02:50.046  WARN [ProcessPensionService,,] 12624 --- [restartedMain] o.s.b.d.a.OptionalLiveReloadServer       : Unable to start LiveReload server
2022-05-19 16:02:50.294  WARN [ProcessPensionService,,] 12624 --- [restartedMain] JpaBaseConfiguration$JpaWebConfiguration : spring.jpa.open-in-view is enabled by default. Therefore, database queries may be performed during view rendering. Explicitly configure spring.jpa.open-in-view to disable this warning
2022-05-19 16:02:54.633  INFO [ProcessPensionService,,] 12624 --- [restartedMain] o.s.cloud.commons.util.InetUtils         : Cannot determine local hostname
2022-05-19 16:02:55.022  INFO [ProcessPensionService,,] 12624 --- [restartedMain] o.s.b.w.embedded.tomcat.TomcatWebServer  : Tomcat started on port(s): 9084 (http) with context path ''
2022-05-19 16:02:56.377  INFO [ProcessPensionService,,] 12624 --- [restartedMain] o.s.cloud.commons.util.InetUtils         : Cannot determine local hostname
2022-05-19 16:02:56.378  INFO [ProcessPensionService,,] 12624 --- [restartedMain] d.s.w.p.DocumentationPluginsBootstrapper : Context refreshed
2022-05-19 16:02:56.409  INFO [ProcessPensionService,,] 12624 --- [restartedMain] d.s.w.p.DocumentationPluginsBootstrapper : Found 1 custom documentation plugin(s)
2022-05-19 16:02:56.425  INFO [ProcessPensionService,,] 12624 --- [restartedMain] s.d.s.w.s.ApiListingReferenceScanner     : Scanning for api listing references
2022-05-19 16:02:56.760  INFO [ProcessPensionService,,] 12624 --- [restartedMain] .c.ProcessPensionMicroserviceApplication : Started ProcessPensionMicroserviceApplication in 21.733 seconds (JVM running for 25.408)
2022-05-19 16:03:35.704  INFO [ProcessPensionService,,] 12624 --- [http-nio-9084-exec-1] o.a.c.c.C.[Tomcat].[localhost].[/]       : Initializing Spring DispatcherServlet 'dispatcherServlet'
2022-05-19 16:03:35.706  INFO [ProcessPensionService,,] 12624 --- [http-nio-9084-exec-1] o.s.web.servlet.DispatcherServlet        : Initializing Servlet 'dispatcherServlet'
2022-05-19 16:03:35.708  INFO [ProcessPensionService,,] 12624 --- [http-nio-9084-exec-1] o.s.web.servlet.DispatcherServlet        : Completed initialization in 2 ms
2022-05-19 16:03:35.745  INFO [ProcessPensionService,754835c90e8f2457,8c7c24287bc62db7] 12624 --- [http-nio-9084-exec-1] c.c.controller.ProcessPensionController  : STARTED - allDetail
2022-05-19 16:03:36.209  INFO [ProcessPensionService,754835c90e8f2457,8c7c24287bc62db7] 12624 --- [http-nio-9084-exec-1] c.c.controller.ProcessPensionController  : END - allDetail
2022-05-19 16:03:43.482  INFO [ProcessPensionService,1fb66dcfe9fa8624,dbd26cb13e16cdd7] 12624 --- [http-nio-9084-exec-2] c.c.controller.ProcessPensionController  : STARTED - allDetail
2022-05-19 16:03:43.505  INFO [ProcessPensionService,1fb66dcfe9fa8624,dbd26cb13e16cdd7] 12624 --- [http-nio-9084-exec-2] c.c.controller.ProcessPensionController  : END - allDetail
2022-05-19 16:07:51.809  INFO [ProcessPensionService,97544253129f542d,a4f5ba5a4d859a5d] 12624 --- [http-nio-9084-exec-4] c.c.controller.ProcessPensionController  : STARTED - allDetail
2022-05-19 16:07:51.832  INFO [ProcessPensionService,97544253129f542d,a4f5ba5a4d859a5d] 12624 --- [http-nio-9084-exec-4] c.c.controller.ProcessPensionController  : END - allDetail
2022-05-19 16:11:52.123  INFO [ProcessPensionService,290ef5fe0f093658,3aa5de675bb9ae8a] 12624 --- [http-nio-9084-exec-6] c.c.controller.ProcessPensionController  : STARTED - allDetail
2022-05-19 16:11:52.136  INFO [ProcessPensionService,290ef5fe0f093658,3aa5de675bb9ae8a] 12624 --- [http-nio-9084-exec-6] c.c.controller.ProcessPensionController  : END - allDetail
2022-05-19 16:11:56.534  INFO [ProcessPensionService,076e25a70c0a1762,6c9db5843bdbc05a] 12624 --- [http-nio-9084-exec-7] c.c.controller.ProcessPensionController  : STARTED - allDetail
2022-05-19 16:11:56.553  INFO [ProcessPensionService,076e25a70c0a1762,6c9db5843bdbc05a] 12624 --- [http-nio-9084-exec-7] c.c.controller.ProcessPensionController  : END - allDetail
2022-05-19 16:12:01.685  INFO [ProcessPensionService,e1742d2a2c74ad77,7229cf846204c780] 12624 --- [http-nio-9084-exec-8] c.c.controller.ProcessPensionController  : STARTED - allDetail
2022-05-19 16:12:01.698  INFO [ProcessPensionService,e1742d2a2c74ad77,7229cf846204c780] 12624 --- [http-nio-9084-exec-8] c.c.controller.ProcessPensionController  : END - allDetail
2022-05-19 16:12:20.103  INFO [ProcessPensionService,bdd25ec8fc8c8a93,db85387ec3e2f375] 12624 --- [http-nio-9084-exec-9] c.c.controller.ProcessPensionController  : STARTED - allDetail
2022-05-19 16:12:20.124  INFO [ProcessPensionService,bdd25ec8fc8c8a93,db85387ec3e2f375] 12624 --- [http-nio-9084-exec-9] c.c.controller.ProcessPensionController  : END - allDetail
2022-05-19 16:12:40.818  INFO [ProcessPensionService,840c96bb53a9383e,f4838589b12de344] 12624 --- [http-nio-9084-exec-10] c.c.controller.ProcessPensionController  : STARTED - allDetail
2022-05-19 16:12:40.839  INFO [ProcessPensionService,840c96bb53a9383e,f4838589b12de344] 12624 --- [http-nio-9084-exec-10] c.c.controller.ProcessPensionController  : END - allDetail
2022-05-19 16:12:52.100  INFO [ProcessPensionService,ac0394c0ad2fc642,a46590ae555fcaa5] 12624 --- [http-nio-9084-exec-1] c.c.controller.ProcessPensionController  : STARTED - allDetail
2022-05-19 16:12:52.131  INFO [ProcessPensionService,ac0394c0ad2fc642,a46590ae555fcaa5] 12624 --- [http-nio-9084-exec-1] c.c.controller.ProcessPensionController  : END - allDetail
2022-05-19 16:13:03.887  INFO [ProcessPensionService,72822f3da7301c49,f36b77fa0a76c576] 12624 --- [http-nio-9084-exec-2] c.c.controller.ProcessPensionController  : STARTED - allDetail
2022-05-19 16:13:03.897  INFO [ProcessPensionService,72822f3da7301c49,f36b77fa0a76c576] 12624 --- [http-nio-9084-exec-2] c.c.controller.ProcessPensionController  : END - allDetail
2022-05-19 16:16:21.839  INFO [ProcessPensionService,091f3327e6089c9e,f6cff9467afda370] 12624 --- [http-nio-9084-exec-4] c.c.controller.ProcessPensionController  : STARTED - allDetail
2022-05-19 16:16:21.856  INFO [ProcessPensionService,091f3327e6089c9e,f6cff9467afda370] 12624 --- [http-nio-9084-exec-4] c.c.controller.ProcessPensionController  : END - allDetail
2022-05-19 16:16:45.910  INFO [ProcessPensionService,c4021abce52dd510,5d015ec32a338b86] 12624 --- [http-nio-9084-exec-5] c.c.controller.ProcessPensionController  : STARTED - allDetail
2022-05-19 16:16:45.931  INFO [ProcessPensionService,c4021abce52dd510,5d015ec32a338b86] 12624 --- [http-nio-9084-exec-5] c.c.controller.ProcessPensionController  : END - allDetail
2022-05-19 16:23:57.402  INFO [ProcessPensionService,e84a6dd090976a55,1fc23994d5c8ce3b] 12624 --- [http-nio-9084-exec-7] c.c.controller.ProcessPensionController  : STARTED - allDetail
2022-05-19 16:23:57.427  INFO [ProcessPensionService,e84a6dd090976a55,1fc23994d5c8ce3b] 12624 --- [http-nio-9084-exec-7] c.c.controller.ProcessPensionController  : END - allDetail
2022-05-19 16:24:46.609  INFO [ProcessPensionService,e49826a3225b47b6,a81fd9581b6d2daa] 12624 --- [http-nio-9084-exec-8] c.c.controller.ProcessPensionController  : STARTED - allDetail
2022-05-19 16:24:46.625  INFO [ProcessPensionService,e49826a3225b47b6,a81fd9581b6d2daa] 12624 --- [http-nio-9084-exec-8] c.c.controller.ProcessPensionController  : END - allDetail
2022-05-19 16:24:51.405  INFO [ProcessPensionService,537675a92f172066,377dbcb942d2cc7c] 12624 --- [http-nio-9084-exec-9] c.c.controller.ProcessPensionController  : STARTED - allDetail
2022-05-19 16:24:51.425  INFO [ProcessPensionService,537675a92f172066,377dbcb942d2cc7c] 12624 --- [http-nio-9084-exec-9] c.c.controller.ProcessPensionController  : END - allDetail
2022-05-19 16:25:02.720  INFO [ProcessPensionService,5bfda9b72aa741f1,eac72b9db58c1832] 12624 --- [http-nio-9084-exec-10] c.c.controller.ProcessPensionController  : STARTED - allDetail
2022-05-19 16:25:02.781  INFO [ProcessPensionService,5bfda9b72aa741f1,eac72b9db58c1832] 12624 --- [http-nio-9084-exec-10] c.c.controller.ProcessPensionController  : END - allDetail
2022-05-19 16:25:17.974  INFO [ProcessPensionService,19c5ec4c73cb43e8,8503dc74d0157099] 12624 --- [http-nio-9084-exec-1] c.c.controller.ProcessPensionController  : STARTED - allDetail
2022-05-19 16:25:17.998  INFO [ProcessPensionService,19c5ec4c73cb43e8,8503dc74d0157099] 12624 --- [http-nio-9084-exec-1] c.c.controller.ProcessPensionController  : END - allDetail
2022-05-19 16:39:29.725  INFO [ProcessPensionService,01a653e9b66d9481,4e673dcac58ad67d] 12624 --- [http-nio-9084-exec-3] c.c.controller.ProcessPensionController  : STARTED - allDetail
2022-05-19 16:39:29.815  INFO [ProcessPensionService,01a653e9b66d9481,4e673dcac58ad67d] 12624 --- [http-nio-9084-exec-3] c.c.controller.ProcessPensionController  : END - allDetail
2022-05-19 16:39:35.066  INFO [ProcessPensionService,7fd06140648ebee8,3a68cc871e158df5] 12624 --- [http-nio-9084-exec-4] c.c.controller.ProcessPensionController  : STARTED - allDetail
2022-05-19 16:39:35.083  INFO [ProcessPensionService,7fd06140648ebee8,3a68cc871e158df5] 12624 --- [http-nio-9084-exec-4] c.c.controller.ProcessPensionController  : END - allDetail
2022-05-19 16:39:38.226  INFO [ProcessPensionService,461cdee791528120,f7ea1fd30cdf9bf2] 12624 --- [http-nio-9084-exec-5] c.c.controller.ProcessPensionController  : STARTED - allDetail
2022-05-19 16:39:38.240  INFO [ProcessPensionService,461cdee791528120,f7ea1fd30cdf9bf2] 12624 --- [http-nio-9084-exec-5] c.c.controller.ProcessPensionController  : END - allDetail
2022-05-19 16:41:43.491  INFO [ProcessPensionService,643e75230782826d,b12e80a1294c3174] 12624 --- [http-nio-9084-exec-7] c.c.controller.ProcessPensionController  : STARTED - allDetail
2022-05-19 16:41:44.491  INFO [ProcessPensionService,643e75230782826d,b12e80a1294c3174] 12624 --- [http-nio-9084-exec-7] c.c.service.ProcessPensionService        : STARTED - getPensionDetail
2022-05-19 16:41:44.493  INFO [ProcessPensionService,643e75230782826d,b12e80a1294c3174] 12624 --- [http-nio-9084-exec-7] c.c.service.ProcessPensionService        : END - getPensionDetail
2022-05-19 16:41:44.494  INFO [ProcessPensionService,643e75230782826d,b12e80a1294c3174] 12624 --- [http-nio-9084-exec-7] c.c.controller.ProcessPensionController  : END - allDetail
2022-05-19 16:41:44.495  INFO [ProcessPensionService,643e75230782826d,b12e80a1294c3174] 12624 --- [http-nio-9084-exec-7] c.c.service.ProcessPensionService        : STARTED - savePensionDetail
2022-05-19 16:41:44.495  INFO [ProcessPensionService,643e75230782826d,b12e80a1294c3174] 12624 --- [http-nio-9084-exec-7] c.c.service.ProcessPensionService        : END - savePensionDetail
2022-05-19 16:46:30.765  INFO [ProcessPensionService,645400ce2f8f25e1,2e2ac41a959ca7cc] 12624 --- [http-nio-9084-exec-9] c.c.controller.ProcessPensionController  : STARTED - allDetail
2022-05-19 16:46:30.796  INFO [ProcessPensionService,645400ce2f8f25e1,2e2ac41a959ca7cc] 12624 --- [http-nio-9084-exec-9] c.c.service.ProcessPensionService        : STARTED - getPensionDetail
2022-05-19 16:46:30.796  INFO [ProcessPensionService,645400ce2f8f25e1,2e2ac41a959ca7cc] 12624 --- [http-nio-9084-exec-9] c.c.service.ProcessPensionService        : END - getPensionDetail
2022-05-19 16:46:30.796  INFO [ProcessPensionService,645400ce2f8f25e1,2e2ac41a959ca7cc] 12624 --- [http-nio-9084-exec-9] c.c.controller.ProcessPensionController  : END - allDetail
2022-05-19 16:46:30.797  INFO [ProcessPensionService,645400ce2f8f25e1,2e2ac41a959ca7cc] 12624 --- [http-nio-9084-exec-9] c.c.service.ProcessPensionService        : STARTED - savePensionDetail
2022-05-19 16:46:30.797  INFO [ProcessPensionService,645400ce2f8f25e1,2e2ac41a959ca7cc] 12624 --- [http-nio-9084-exec-9] c.c.service.ProcessPensionService        : END - savePensionDetail
2022-05-19 16:47:08.319  INFO [ProcessPensionService,582c71a132fbd95d,2cf7c196c1b0b476] 12624 --- [http-nio-9084-exec-10] c.c.controller.ProcessPensionController  : STARTED - allDetail
2022-05-19 16:47:08.341  INFO [ProcessPensionService,582c71a132fbd95d,2cf7c196c1b0b476] 12624 --- [http-nio-9084-exec-10] c.c.controller.ProcessPensionController  : END - allDetail
2022-05-19 16:53:40.022  INFO [ProcessPensionService,a10b97c30a8ed869,bf30e9689e677f7e] 12624 --- [http-nio-9084-exec-2] c.c.controller.ProcessPensionController  : STARTED - allDetail
2022-05-19 16:53:40.041  INFO [ProcessPensionService,a10b97c30a8ed869,bf30e9689e677f7e] 12624 --- [http-nio-9084-exec-2] c.c.controller.ProcessPensionController  : END - allDetail
